<?xml version="1.0" encoding="UTF-8"?>
<!-- Generated by org.testng.reporters.JUnitReportReporter -->
<testsuite skipped="0" hostname="user" name="scripts.InvalidLogin" tests="1" failures="0" timestamp="21 Sep 2018 18:33:35 GMT" time="6.582" errors="0">
  <testcase name="testInvalidLogin" time="6.582" classname="scripts.InvalidLogin"/>
</testsuite> <!-- scripts.InvalidLogin -->
