<?xml version="1.0" encoding="UTF-8"?>
<!-- Generated by org.testng.reporters.JUnitReportReporter -->
<testsuite skipped="0" hostname="user" name="scripts.LoginCases" tests="2" failures="0" timestamp="21 Sep 2018 21:30:58 GMT" time="28.051" errors="0">
  <testcase name="testInvalidLogin" time="14.661" classname="scripts.LoginCases"/>
  <testcase name="testValidLogin" time="13.390" classname="scripts.LoginCases"/>
</testsuite> <!-- scripts.LoginCases -->
