<?xml version="1.0" encoding="UTF-8"?>
<!-- Generated by org.testng.reporters.JUnitReportReporter -->
<testsuite skipped="0" hostname="user" name="scripts.ValidLogin" tests="1" failures="0" timestamp="21 Sep 2018 18:33:35 GMT" time="0.533" errors="0">
  <testcase name="testValidLogin" time="0.533" classname="scripts.ValidLogin"/>
</testsuite> <!-- scripts.ValidLogin -->
